<?xml version="1.0" encoding="UTF-8"?>
<!-- Generated by org.testng.reporters.JUnitReportReporter -->
<testsuite skipped="0" hostname="preet-HP" name="App" tests="1" failures="0" timestamp="13 Mar 2019 18:32:44 GMT" time="51.799" errors="0">
  <testcase name="openGmail" time="51.799" classname="App"/>
</testsuite> <!-- App -->
